<?xml version="1.0" encoding="UTF-8"?>
<coverage generated="1780035230914" clover="3.2.0">
  <project timestamp="1780035230914" name="All files">
    <metrics statements="42" coveredstatements="26" conditionals="38" coveredconditionals="13" methods="9" coveredmethods="7" elements="89" coveredelements="46" complexity="0" loc="42" ncloc="42" packages="1" files="1" classes="1"/>
    <file name="CreatureEngine.ts" path="/Users/steven.bui/tools/Smart-AI-friend/src/core/engine/CreatureEngine.ts">
      <metrics statements="42" coveredstatements="26" conditionals="38" coveredconditionals="13" methods="9" coveredmethods="7"/>
      <line num="9" count="7" type="stmt"/>
      <line num="11" count="7" type="stmt"/>
      <line num="65" count="2" type="stmt"/>
      <line num="68" count="2" type="stmt"/>
      <line num="69" count="6" type="stmt"/>
      <line num="70" count="6" type="cond" truecount="1" falsecount="1"/>
      <line num="71" count="6" type="stmt"/>
      <line num="72" count="6" type="cond" truecount="3" falsecount="2"/>
      <line num="73" count="6" type="stmt"/>
      <line num="74" count="6" type="stmt"/>
      <line num="75" count="6" type="stmt"/>
      <line num="81" count="2" type="stmt"/>
      <line num="84" count="2" type="stmt"/>
      <line num="86" count="2" type="stmt"/>
      <line num="94" count="6" type="cond" truecount="1" falsecount="1"/>
      <line num="95" count="6" type="stmt"/>
      <line num="102" count="2" type="stmt"/>
      <line num="105" count="2" type="cond" truecount="1" falsecount="1"/>
      <line num="106" count="0" type="stmt"/>
      <line num="110" count="2" type="cond" truecount="1" falsecount="1"/>
      <line num="111" count="2" type="stmt"/>
      <line num="115" count="0" type="cond" truecount="0" falsecount="4"/>
      <line num="116" count="0" type="stmt"/>
      <line num="120" count="0" type="cond" truecount="0" falsecount="4"/>
      <line num="121" count="0" type="stmt"/>
      <line num="125" count="0" type="cond" truecount="0" falsecount="2"/>
      <line num="126" count="0" type="stmt"/>
      <line num="129" count="0" type="stmt"/>
      <line num="136" count="2" type="stmt"/>
      <line num="138" count="2" type="stmt"/>
      <line num="151" count="0" type="stmt"/>
      <line num="153" count="0" type="stmt"/>
      <line num="166" count="7" type="stmt"/>
      <line num="172" count="7" type="stmt"/>
      <line num="173" count="148" type="stmt"/>
      <line num="174" count="7" type="stmt"/>
      <line num="181" count="0" type="stmt"/>
      <line num="183" count="0" type="cond" truecount="0" falsecount="2"/>
      <line num="185" count="0" type="stmt"/>
      <line num="186" count="0" type="cond" truecount="0" falsecount="2"/>
      <line num="188" count="0" type="stmt"/>
      <line num="191" count="0" type="stmt"/>
    </file>
  </project>
</coverage>
