{"/Users/steven.bui/tools/Smart-AI-friend/src/core/engine/CreatureEngine.ts": {"path":"/Users/steven.bui/tools/Smart-AI-friend/src/core/engine/CreatureEngine.ts","statementMap":{"0":{"start":{"line":9,"column":16},"end":{"line":9,"column":26}},"1":{"start":{"line":11,"column":4},"end":{"line":53,"column":6}},"2":{"start":{"line":65,"column":20},"end":{"line":65,"column":35}},"3":{"start":{"line":68,"column":4},"end":{"line":78,"column":5}},"4":{"start":{"line":69,"column":20},"end":{"line":69,"column":35}},"5":{"start":{"line":70,"column":6},"end":{"line":77,"column":7}},"6":{"start":{"line":71,"column":33},"end":{"line":71,"column":38}},"7":{"start":{"line":72,"column":8},"end":{"line":76,"column":9}},"8":{"start":{"line":73,"column":28},"end":{"line":73,"column":52}},"9":{"start":{"line":74,"column":31},"end":{"line":74,"column":58}},"10":{"start":{"line":75,"column":10},"end":{"line":75,"column":41}},"11":{"start":{"line":81,"column":4},"end":{"line":81,"column":47}},"12":{"start":{"line":84,"column":4},"end":{"line":84,"column":45}},"13":{"start":{"line":86,"column":4},"end":{"line":86,"column":19}},"14":{"start":{"line":94,"column":16},"end":{"line":94,"column":52}},"15":{"start":{"line":95,"column":4},"end":{"line":95,"column":45}},"16":{"start":{"line":102,"column":33},"end":{"line":102,"column":41}},"17":{"start":{"line":105,"column":4},"end":{"line":107,"column":5}},"18":{"start":{"line":106,"column":6},"end":{"line":106,"column":20}},"19":{"start":{"line":110,"column":4},"end":{"line":112,"column":5}},"20":{"start":{"line":111,"column":6},"end":{"line":111,"column":21}},"21":{"start":{"line":115,"column":4},"end":{"line":117,"column":5}},"22":{"start":{"line":116,"column":6},"end":{"line":116,"column":19}},"23":{"start":{"line":120,"column":4},"end":{"line":122,"column":5}},"24":{"start":{"line":121,"column":6},"end":{"line":121,"column":23}},"25":{"start":{"line":125,"column":4},"end":{"line":127,"column":5}},"26":{"start":{"line":126,"column":6},"end":{"line":126,"column":21}},"27":{"start":{"line":129,"column":4},"end":{"line":129,"column":21}},"28":{"start":{"line":136,"column":33},"end":{"line":136,"column":41}},"29":{"start":{"line":138,"column":4},"end":{"line":144,"column":6}},"30":{"start":{"line":151,"column":33},"end":{"line":151,"column":41}},"31":{"start":{"line":153,"column":4},"end":{"line":159,"column":6}},"32":{"start":{"line":166,"column":22},"end":{"line":169,"column":5}},"33":{"start":{"line":172,"column":18},"end":{"line":172,"column":51}},"34":{"start":{"line":173,"column":21},"end":{"line":173,"column":67}},"35":{"start":{"line":173,"column":47},"end":{"line":173,"column":66}},"36":{"start":{"line":174,"column":4},"end":{"line":174,"column":36}},"37":{"start":{"line":181,"column":20},"end":{"line":181,"column":35}},"38":{"start":{"line":183,"column":4},"end":{"line":189,"column":5}},"39":{"start":{"line":185,"column":6},"end":{"line":185,"column":67}},"40":{"start":{"line":186,"column":11},"end":{"line":189,"column":5}},"41":{"start":{"line":188,"column":6},"end":{"line":188,"column":65}},"42":{"start":{"line":191,"column":4},"end":{"line":191,"column":19}}},"fnMap":{"0":{"name":"(anonymous_0)","decl":{"start":{"line":8,"column":2},"end":{"line":8,"column":3}},"loc":{"start":{"line":8,"column":77},"end":{"line":54,"column":3}},"line":8},"1":{"name":"(anonymous_1)","decl":{"start":{"line":61,"column":2},"end":{"line":61,"column":3}},"loc":{"start":{"line":64,"column":14},"end":{"line":87,"column":3}},"line":64},"2":{"name":"(anonymous_2)","decl":{"start":{"line":92,"column":2},"end":{"line":92,"column":3}},"loc":{"start":{"line":92,"column":68},"end":{"line":96,"column":3}},"line":92},"3":{"name":"(anonymous_3)","decl":{"start":{"line":101,"column":2},"end":{"line":101,"column":3}},"loc":{"start":{"line":101,"column":57},"end":{"line":130,"column":3}},"line":101},"4":{"name":"(anonymous_4)","decl":{"start":{"line":135,"column":2},"end":{"line":135,"column":3}},"loc":{"start":{"line":135,"column":49},"end":{"line":145,"column":3}},"line":135},"5":{"name":"(anonymous_5)","decl":{"start":{"line":150,"column":2},"end":{"line":150,"column":3}},"loc":{"start":{"line":150,"column":48},"end":{"line":160,"column":3}},"line":150},"6":{"name":"(anonymous_6)","decl":{"start":{"line":165,"column":2},"end":{"line":165,"column":3}},"loc":{"start":{"line":165,"column":50},"end":{"line":175,"column":3}},"line":165},"7":{"name":"(anonymous_7)","decl":{"start":{"line":173,"column":41},"end":{"line":173,"column":42}},"loc":{"start":{"line":173,"column":47},"end":{"line":173,"column":66}},"line":173},"8":{"name":"(anonymous_8)","decl":{"start":{"line":180,"column":2},"end":{"line":180,"column":3}},"loc":{"start":{"line":180,"column":57},"end":{"line":192,"column":3}},"line":180}},"branchMap":{"0":{"loc":{"start":{"line":8,"column":38},"end":{"line":8,"column":65}},"type":"default-arg","locations":[{"start":{"line":8,"column":56},"end":{"line":8,"column":65}}],"line":8},"1":{"loc":{"start":{"line":70,"column":6},"end":{"line":77,"column":7}},"type":"if","locations":[{"start":{"line":70,"column":6},"end":{"line":77,"column":7}},{"start":{},"end":{}}],"line":70},"2":{"loc":{"start":{"line":72,"column":8},"end":{"line":76,"column":9}},"type":"if","locations":[{"start":{"line":72,"column":8},"end":{"line":76,"column":9}},{"start":{},"end":{}}],"line":72},"3":{"loc":{"start":{"line":72,"column":12},"end":{"line":72,"column":85}},"type":"binary-expr","locations":[{"start":{"line":72,"column":12},"end":{"line":72,"column":35}},{"start":{"line":72,"column":39},"end":{"line":72,"column":60}},{"start":{"line":72,"column":64},"end":{"line":72,"column":85}}],"line":72},"4":{"loc":{"start":{"line":94,"column":16},"end":{"line":94,"column":52}},"type":"cond-expr","locations":[{"start":{"line":94,"column":44},"end":{"line":94,"column":46}},{"start":{"line":94,"column":49},"end":{"line":94,"column":52}}],"line":94},"5":{"loc":{"start":{"line":105,"column":4},"end":{"line":107,"column":5}},"type":"if","locations":[{"start":{"line":105,"column":4},"end":{"line":107,"column":5}},{"start":{},"end":{}}],"line":105},"6":{"loc":{"start":{"line":110,"column":4},"end":{"line":112,"column":5}},"type":"if","locations":[{"start":{"line":110,"column":4},"end":{"line":112,"column":5}},{"start":{},"end":{}}],"line":110},"7":{"loc":{"start":{"line":115,"column":4},"end":{"line":117,"column":5}},"type":"if","locations":[{"start":{"line":115,"column":4},"end":{"line":117,"column":5}},{"start":{},"end":{}}],"line":115},"8":{"loc":{"start":{"line":115,"column":8},"end":{"line":115,"column":53}},"type":"binary-expr","locations":[{"start":{"line":115,"column":8},"end":{"line":115,"column":29}},{"start":{"line":115,"column":33},"end":{"line":115,"column":53}}],"line":115},"9":{"loc":{"start":{"line":120,"column":4},"end":{"line":122,"column":5}},"type":"if","locations":[{"start":{"line":120,"column":4},"end":{"line":122,"column":5}},{"start":{},"end":{}}],"line":120},"10":{"loc":{"start":{"line":120,"column":8},"end":{"line":120,"column":53}},"type":"binary-expr","locations":[{"start":{"line":120,"column":8},"end":{"line":120,"column":29}},{"start":{"line":120,"column":33},"end":{"line":120,"column":53}}],"line":120},"11":{"loc":{"start":{"line":125,"column":4},"end":{"line":127,"column":5}},"type":"if","locations":[{"start":{"line":125,"column":4},"end":{"line":127,"column":5}},{"start":{},"end":{}}],"line":125},"12":{"loc":{"start":{"line":139,"column":6},"end":{"line":143,"column":27}},"type":"binary-expr","locations":[{"start":{"line":139,"column":6},"end":{"line":139,"column":26}},{"start":{"line":140,"column":6},"end":{"line":140,"column":26}},{"start":{"line":141,"column":6},"end":{"line":141,"column":26}},{"start":{"line":142,"column":6},"end":{"line":142,"column":31}},{"start":{"line":143,"column":6},"end":{"line":143,"column":27}}],"line":139},"13":{"loc":{"start":{"line":154,"column":6},"end":{"line":158,"column":27}},"type":"binary-expr","locations":[{"start":{"line":154,"column":6},"end":{"line":154,"column":26}},{"start":{"line":155,"column":6},"end":{"line":155,"column":26}},{"start":{"line":156,"column":6},"end":{"line":156,"column":26}},{"start":{"line":157,"column":6},"end":{"line":157,"column":31}},{"start":{"line":158,"column":6},"end":{"line":158,"column":27}}],"line":154},"14":{"loc":{"start":{"line":183,"column":4},"end":{"line":189,"column":5}},"type":"if","locations":[{"start":{"line":183,"column":4},"end":{"line":189,"column":5}},{"start":{"line":186,"column":11},"end":{"line":189,"column":5}}],"line":183},"15":{"loc":{"start":{"line":186,"column":11},"end":{"line":189,"column":5}},"type":"if","locations":[{"start":{"line":186,"column":11},"end":{"line":189,"column":5}},{"start":{},"end":{}}],"line":186}},"s":{"0":7,"1":7,"2":2,"3":2,"4":6,"5":6,"6":6,"7":6,"8":6,"9":6,"10":6,"11":2,"12":2,"13":2,"14":6,"15":6,"16":2,"17":2,"18":0,"19":2,"20":2,"21":0,"22":0,"23":0,"24":0,"25":0,"26":0,"27":0,"28":2,"29":2,"30":0,"31":0,"32":7,"33":7,"34":7,"35":148,"36":7,"37":0,"38":0,"39":0,"40":0,"41":0,"42":0},"f":{"0":7,"1":2,"2":6,"3":2,"4":2,"5":0,"6":7,"7":148,"8":0},"b":{"0":[7],"1":[6,0],"2":[6,0],"3":[6,2,0],"4":[0,6],"5":[0,2],"6":[2,0],"7":[0,0],"8":[0,0],"9":[0,0],"10":[0,0],"11":[0,0],"12":[2,1,1,1,1],"13":[0,0,0,0,0],"14":[0,0],"15":[0,0]},"_coverageSchema":"1a1c01bbd47fc00a2c39e90264f33305004495a9","hash":"3f7b781813aadbdff5e641cc17e1bd5a3fd321ec"}
}
