TN:
SF:src/core/engine/CreatureEngine.ts
FN:8,(anonymous_0)
FN:61,(anonymous_1)
FN:92,(anonymous_2)
FN:101,(anonymous_3)
FN:135,(anonymous_4)
FN:150,(anonymous_5)
FN:165,(anonymous_6)
FN:173,(anonymous_7)
FN:180,(anonymous_8)
FNF:9
FNH:7
FNDA:7,(anonymous_0)
FNDA:2,(anonymous_1)
FNDA:6,(anonymous_2)
FNDA:2,(anonymous_3)
FNDA:2,(anonymous_4)
FNDA:0,(anonymous_5)
FNDA:7,(anonymous_6)
FNDA:148,(anonymous_7)
FNDA:0,(anonymous_8)
DA:9,7
DA:11,7
DA:65,2
DA:68,2
DA:69,6
DA:70,6
DA:71,6
DA:72,6
DA:73,6
DA:74,6
DA:75,6
DA:81,2
DA:84,2
DA:86,2
DA:94,6
DA:95,6
DA:102,2
DA:105,2
DA:106,0
DA:110,2
DA:111,2
DA:115,0
DA:116,0
DA:120,0
DA:121,0
DA:125,0
DA:126,0
DA:129,0
DA:136,2
DA:138,2
DA:151,0
DA:153,0
DA:166,7
DA:172,7
DA:173,148
DA:174,7
DA:181,0
DA:183,0
DA:185,0
DA:186,0
DA:188,0
DA:191,0
LF:42
LH:26
BRDA:8,0,0,7
BRDA:70,1,0,6
BRDA:70,1,1,0
BRDA:72,2,0,6
BRDA:72,2,1,0
BRDA:72,3,0,6
BRDA:72,3,1,2
BRDA:72,3,2,0
BRDA:94,4,0,0
BRDA:94,4,1,6
BRDA:105,5,0,0
BRDA:105,5,1,2
BRDA:110,6,0,2
BRDA:110,6,1,0
BRDA:115,7,0,0
BRDA:115,7,1,0
BRDA:115,8,0,0
BRDA:115,8,1,0
BRDA:120,9,0,0
BRDA:120,9,1,0
BRDA:120,10,0,0
BRDA:120,10,1,0
BRDA:125,11,0,0
BRDA:125,11,1,0
BRDA:139,12,0,2
BRDA:139,12,1,1
BRDA:139,12,2,1
BRDA:139,12,3,1
BRDA:139,12,4,1
BRDA:154,13,0,0
BRDA:154,13,1,0
BRDA:154,13,2,0
BRDA:154,13,3,0
BRDA:154,13,4,0
BRDA:183,14,0,0
BRDA:183,14,1,0
BRDA:186,15,0,0
BRDA:186,15,1,0
BRF:38
BRH:13
end_of_record
